<?xml version="1.0" encoding="UTF-8"?>
<!-- Generated by org.testng.reporters.JUnitXMLReporter -->
<testsuite ignored="0" hostname="DESKTOP-AC5TG8E" failures="0" tests="4" name="Test" time="9.78" errors="0" timestamp="2024-01-28T22:18:24 IST">
  <testcase classname="api.tescases.UserTest" name="testCreateUser" time="4.524"/>
  <testcase classname="api.tescases.UserTest" name="testGetUserData" time="1.189"/>
  <testcase classname="api.tescases.UserTest" name="testUpdateUser" time="2.223"/>
  <testcase classname="api.tescases.UserTest" name="testDeleteUser" time="1.14"/>
</testsuite> <!-- Test -->
