<?xml version="1.0" encoding="UTF-8"?>
<!-- Generated by org.testng.reporters.JUnitXMLReporter -->
<testsuite ignored="0" hostname="DESKTOP-AC5TG8E" failures="0" tests="4" name="Test" time="8.65" errors="0" timestamp="2024-01-27T22:01:01 IST">
  <testcase classname="api.tescases.UserTest" name="testCreateUser" time="3.575"/>
  <testcase classname="api.tescases.UserTest" name="testGetUserData" time="1.173"/>
  <testcase classname="api.tescases.UserTest" name="testUpdateUser" time="2.265"/>
  <testcase classname="api.tescases.UserTest" name="testDeleteUser" time="1.171"/>
</testsuite> <!-- Test -->
