<?xml version="1.0" encoding="UTF-8"?>
<testng-results ignored="0" total="4" passed="4" failed="0" skipped="0">
  <reporter-output>
  </reporter-output>
  <suite started-at="2024-01-27T22:00:52 IST" name="Suite" finished-at="2024-01-27T22:01:00 IST" duration-ms="8650">
    <groups>
    </groups>
    <test started-at="2024-01-27T22:00:52 IST" name="Test" finished-at="2024-01-27T22:01:00 IST" duration-ms="8650">
      <class name="api.tescases.UserTest">
        <test-method is-config="true" signature="generateTestData()[pri:0, instance:api.tescases.UserTest@41e36e46]" started-at="2024-01-27T22:00:52 IST" name="generateTestData" finished-at="2024-01-27T22:00:52 IST" duration-ms="250" status="PASS">
          <reporter-output>
          </reporter-output>
        </test-method> <!-- generateTestData -->
        <test-method signature="testCreateUser()[pri:1, instance:api.tescases.UserTest@41e36e46]" started-at="2024-01-27T22:00:52 IST" name="testCreateUser" finished-at="2024-01-27T22:00:56 IST" duration-ms="3575" status="PASS">
          <reporter-output>
          </reporter-output>
        </test-method> <!-- testCreateUser -->
        <test-method signature="testGetUserData()[pri:2, instance:api.tescases.UserTest@41e36e46]" started-at="2024-01-27T22:00:56 IST" name="testGetUserData" finished-at="2024-01-27T22:00:57 IST" duration-ms="1173" status="PASS">
          <reporter-output>
          </reporter-output>
        </test-method> <!-- testGetUserData -->
        <test-method signature="testUpdateUser()[pri:3, instance:api.tescases.UserTest@41e36e46]" started-at="2024-01-27T22:00:57 IST" name="testUpdateUser" finished-at="2024-01-27T22:00:59 IST" duration-ms="2265" status="PASS">
          <reporter-output>
          </reporter-output>
        </test-method> <!-- testUpdateUser -->
        <test-method signature="testDeleteUser()[pri:4, instance:api.tescases.UserTest@41e36e46]" started-at="2024-01-27T22:00:59 IST" name="testDeleteUser" finished-at="2024-01-27T22:01:00 IST" duration-ms="1171" status="PASS">
          <reporter-output>
          </reporter-output>
        </test-method> <!-- testDeleteUser -->
      </class> <!-- api.tescases.UserTest -->
    </test> <!-- Test -->
  </suite> <!-- Suite -->
</testng-results>
