<?xml version="1.0" encoding="UTF-8"?>
<testng-results ignored="0" total="4" passed="4" failed="0" skipped="0">
  <reporter-output>
  </reporter-output>
  <suite started-at="2024-01-28T22:18:14 IST" name="Suite" finished-at="2024-01-28T22:18:24 IST" duration-ms="9780">
    <groups>
    </groups>
    <test started-at="2024-01-28T22:18:14 IST" name="Test" finished-at="2024-01-28T22:18:24 IST" duration-ms="9780">
      <class name="api.tescases.UserTest">
        <test-method is-config="true" signature="generateTestData()[pri:0, instance:api.tescases.UserTest@158d2680]" started-at="2024-01-28T22:18:14 IST" name="generateTestData" finished-at="2024-01-28T22:18:14 IST" duration-ms="246" status="PASS">
          <reporter-output>
          </reporter-output>
        </test-method> <!-- generateTestData -->
        <test-method signature="testCreateUser()[pri:1, instance:api.tescases.UserTest@158d2680]" started-at="2024-01-28T22:18:14 IST" name="testCreateUser" finished-at="2024-01-28T22:18:19 IST" duration-ms="4524" status="PASS">
          <reporter-output>
          </reporter-output>
        </test-method> <!-- testCreateUser -->
        <test-method signature="testGetUserData()[pri:2, instance:api.tescases.UserTest@158d2680]" started-at="2024-01-28T22:18:19 IST" name="testGetUserData" finished-at="2024-01-28T22:18:20 IST" duration-ms="1189" status="PASS">
          <reporter-output>
          </reporter-output>
        </test-method> <!-- testGetUserData -->
        <test-method signature="testUpdateUser()[pri:3, instance:api.tescases.UserTest@158d2680]" started-at="2024-01-28T22:18:20 IST" name="testUpdateUser" finished-at="2024-01-28T22:18:22 IST" duration-ms="2223" status="PASS">
          <reporter-output>
          </reporter-output>
        </test-method> <!-- testUpdateUser -->
        <test-method signature="testDeleteUser()[pri:4, instance:api.tescases.UserTest@158d2680]" started-at="2024-01-28T22:18:22 IST" name="testDeleteUser" finished-at="2024-01-28T22:18:24 IST" duration-ms="1140" status="PASS">
          <reporter-output>
          </reporter-output>
        </test-method> <!-- testDeleteUser -->
      </class> <!-- api.tescases.UserTest -->
    </test> <!-- Test -->
  </suite> <!-- Suite -->
</testng-results>
